2026-04-23 00:58:34.749 [info] [main] Log level: Info
2026-04-23 00:58:34.749 [info] [main] Validating found git in: "git"
2026-04-23 00:58:34.749 [info] [main] Using git "2.43.0" from "git"
2026-04-23 00:58:34.749 [info] [Model][doInitialScan] Initial repository scan started
2026-04-23 00:58:34.749 [info] [Model][doInitialScan] Initial repository scan completed - repositories (0), closed repositories (0), parent repositories (0), unsafe repositories (0)
2026-04-23 01:27:27.183 [info] > git rev-parse --show-toplevel [8ms]
2026-04-23 01:27:27.195 [info] fatal: not a git repository (or any parent up to mount point /)
Stopping at filesystem boundary (GIT_DISCOVERY_ACROSS_FILESYSTEM not set).
2026-04-23 01:28:50.379 [info] > git rev-parse --show-toplevel [7ms]
2026-04-23 01:28:50.379 [info] fatal: not a git repository (or any parent up to mount point /)
Stopping at filesystem boundary (GIT_DISCOVERY_ACROSS_FILESYSTEM not set).
2026-04-23 02:02:34.918 [info] > git rev-parse --show-toplevel [15ms]
2026-04-23 02:02:34.918 [info] fatal: not a git repository (or any parent up to mount point /)
Stopping at filesystem boundary (GIT_DISCOVERY_ACROSS_FILESYSTEM not set).
2026-04-23 02:04:48.142 [info] > git rev-parse --show-toplevel [10ms]
2026-04-23 02:04:48.143 [info] fatal: not a git repository (or any parent up to mount point /)
Stopping at filesystem boundary (GIT_DISCOVERY_ACROSS_FILESYSTEM not set).
2026-04-23 03:11:47.976 [info] > git rev-parse --show-toplevel [6ms]
2026-04-23 03:11:47.982 [info] fatal: not a git repository (or any parent up to mount point /)
Stopping at filesystem boundary (GIT_DISCOVERY_ACROSS_FILESYSTEM not set).
