2026-04-23 08:58:17.808 [info] Reading sessions from keychain...
2026-04-23 08:58:17.808 [info] Getting sessions for all scopes...
2026-04-23 08:58:17.808 [info] Got 0 sessions for ...
2026-04-23 08:58:17.808 [info] Getting sessions for all scopes...
2026-04-23 08:58:17.808 [info] Got 0 sessions for ...
2026-04-23 08:58:17.808 [info] Getting sessions for all scopes...
2026-04-23 08:58:17.808 [info] Got 0 sessions for ...
2026-04-23 08:58:18.437 [info] Getting sessions for all scopes...
2026-04-23 08:58:18.439 [info] Got 0 sessions for ...
2026-04-23 09:48:12.437 [info] Getting sessions for read:user,repo,user:email,workflow...
2026-04-23 09:48:12.437 [info] Got 0 sessions for read:user,repo,user:email,workflow...
2026-04-23 09:48:16.361 [info] Logging in with 'any' account...
2026-04-23 09:48:16.361 [info] Logging in for the following scopes: read:user repo user:email workflow
2026-04-23 09:48:16.763 [info] Trying device code flow... (read:user repo user:email workflow)
2026-04-23 09:51:02.163 [info] Getting user info...
2026-04-23 09:51:02.431 [info] Got account info!
2026-04-23 09:51:02.432 [info] Storing 1 sessions...
2026-04-23 09:51:02.629 [info] Reading sessions from keychain...
2026-04-23 09:51:02.630 [info] Stored 1 sessions!
2026-04-23 09:51:02.630 [info] Login success!
2026-04-23 09:51:03.732 [info] Getting sessions for all scopes...
2026-04-23 09:51:03.732 [info] Got stored sessions!
2026-04-23 09:51:03.732 [info] Got 1 verified sessions.
2026-04-23 09:51:03.732 [info] Got 1 sessions for ...
2026-04-23 09:51:03.938 [info] Getting sessions for all scopes...
2026-04-23 09:51:03.938 [info] Got 1 sessions for ...
2026-04-23 09:53:15.986 [info] Getting sessions for read:user,repo,user:email,workflow...
2026-04-23 09:53:15.986 [info] Got 1 sessions for read:user,repo,user:email,workflow...
2026-04-23 09:56:31.508 [info] Getting sessions for read:user,repo,user:email,workflow...
2026-04-23 09:56:31.508 [info] Got 1 sessions for read:user,repo,user:email,workflow...
