2026-04-23 08:58:20.800 [info] [main] Log level: Info
2026-04-23 08:58:20.801 [info] [main] Validating found git in: "git"
2026-04-23 08:58:20.801 [info] [main] Using git "2.43.0" from "git"
2026-04-23 08:58:20.801 [info] [Model][doInitialScan] Initial repository scan started
2026-04-23 08:58:20.801 [info] > git rev-parse --show-toplevel [1637ms]
2026-04-23 08:58:20.801 [info] fatal: not a git repository (or any parent up to mount point /)
Stopping at filesystem boundary (GIT_DISCOVERY_ACROSS_FILESYSTEM not set).
2026-04-23 08:58:20.801 [info] [Model][doInitialScan] Initial repository scan completed - repositories (0), closed repositories (0), parent repositories (0), unsafe repositories (0)
2026-04-23 09:02:36.496 [info] > git rev-parse --show-toplevel [8ms]
2026-04-23 09:02:36.496 [info] fatal: not a git repository (or any parent up to mount point /)
Stopping at filesystem boundary (GIT_DISCOVERY_ACROSS_FILESYSTEM not set).
2026-04-23 09:02:36.768 [info] > git rev-parse --show-toplevel [11ms]
2026-04-23 09:02:36.768 [info] fatal: not a git repository (or any parent up to mount point /)
Stopping at filesystem boundary (GIT_DISCOVERY_ACROSS_FILESYSTEM not set).
2026-04-23 09:02:37.267 [info] > git rev-parse --show-toplevel [27ms]
2026-04-23 09:02:37.267 [info] fatal: not a git repository (or any parent up to mount point /)
Stopping at filesystem boundary (GIT_DISCOVERY_ACROSS_FILESYSTEM not set).
2026-04-23 09:02:38.081 [info] > git rev-parse --show-toplevel [8ms]
2026-04-23 09:02:38.081 [info] fatal: not a git repository (or any parent up to mount point /)
Stopping at filesystem boundary (GIT_DISCOVERY_ACROSS_FILESYSTEM not set).
2026-04-23 09:06:42.872 [info] > git rev-parse --show-toplevel [11ms]
2026-04-23 09:06:42.872 [info] fatal: not a git repository (or any parent up to mount point /)
Stopping at filesystem boundary (GIT_DISCOVERY_ACROSS_FILESYSTEM not set).
2026-04-23 09:08:58.335 [info] > git rev-parse --show-toplevel [8ms]
2026-04-23 09:08:58.340 [info] fatal: not a git repository (or any parent up to mount point /)
Stopping at filesystem boundary (GIT_DISCOVERY_ACROSS_FILESYSTEM not set).
2026-04-23 09:08:59.215 [info] > git rev-parse --show-toplevel [5ms]
2026-04-23 09:08:59.215 [info] fatal: not a git repository (or any parent up to mount point /)
Stopping at filesystem boundary (GIT_DISCOVERY_ACROSS_FILESYSTEM not set).
