2026-04-23 08:58:20.768 [info] Python-envs extension version: 1.20.1
2026-04-23 08:58:20.768 [info] 
=== Python Envs Configuration Levels ===
2026-04-23 08:58:20.768 [info] {
  "section": "Python Envs Configuration Levels",
  "defaultEnvManager": {
    "workspaceFolderValue": "undefined",
    "workspaceValue": "undefined",
    "globalValue": "undefined",
    "defaultValue": "ms-python.python:venv"
  },
  "defaultPackageManager": {
    "workspaceFolderValue": "undefined",
    "workspaceValue": "undefined",
    "globalValue": "undefined",
    "defaultValue": "ms-python.python:pip"
  }
}
2026-04-23 08:58:20.768 [info] [pet] Starting Python Locator /home/user/.codeoss-cloudworkstations/extensions/ms-python.python-2026.4.0-universal/python-env-tools/bin/pet server
2026-04-23 08:58:20.768 [warning] No workspace folders found for relative search path: ./**/.venv
2026-04-23 08:58:20.768 [info] [pet] configure: Sending configuration update: {"workspaceDirectories":[],"environmentDirectories":[],"pipenvExecutable":"pipenv","poetryExecutable":"poetry","cacheDirectory":"/home/user/.codeoss-cloudworkstations/data/User/globalStorage/ms-python.vscode-python-envs/pythonLocator"}
2026-04-23 08:58:20.768 [error] [pet] Process error: A system error occurred (spawn /home/user/.codeoss-cloudworkstations/extensions/ms-python.python-2026.4.0-universal/python-env-tools/bin/pet ENOENT)
2026-04-23 08:58:20.768 [info] Extension for manager ms-python.python:venv is not active: Activating...
2026-04-23 08:58:35.711 [info] Extension for manager ms-python.python:venv is now active.
2026-04-23 08:58:47.691 [warning] [pet] Configure request timed out, killing hung process for restart
2026-04-23 08:58:47.692 [error] [pet] configure: Configuration error Request 'configure' timed out after 30000ms
2026-04-23 08:58:47.692 [warning] [pet] Request timed out, killing hung process for restart
2026-04-23 08:58:47.692 [error] [pet] Error refreshing Request 'configure' timed out after 30000ms
2026-04-23 08:58:47.693 [warning] [pet] Restarting Python Environment Tools (attempt 1/3, waiting 1000ms)
2026-04-23 08:58:48.719 [info] [pet] Starting Python Locator /home/user/.codeoss-cloudworkstations/extensions/ms-python.python-2026.4.0-universal/python-env-tools/bin/pet server
2026-04-23 08:58:48.719 [info] [pet] Python Environment Tools restarted successfully
2026-04-23 08:58:48.721 [warning] No workspace folders found for relative search path: ./**/.venv
2026-04-23 08:58:48.722 [info] [pet] configure: Sending configuration update: {"workspaceDirectories":[],"environmentDirectories":[],"pipenvExecutable":"pipenv","poetryExecutable":"poetry","cacheDirectory":"/home/user/.codeoss-cloudworkstations/data/User/globalStorage/ms-python.vscode-python-envs/pythonLocator"}
2026-04-23 08:58:48.723 [error] [pet] Process error: A system error occurred (spawn /home/user/.codeoss-cloudworkstations/extensions/ms-python.python-2026.4.0-universal/python-env-tools/bin/pet ENOENT)
2026-04-23 08:59:23.201 [warning] [pet] Configure request timed out, killing hung process for restart
2026-04-23 08:59:23.206 [error] [pet] configure: Configuration error Request 'configure' timed out after 30000ms
2026-04-23 08:59:23.206 [warning] [pet] Request timed out, killing hung process for restart
2026-04-23 08:59:23.206 [error] [pet] Error refreshing Request 'configure' timed out after 30000ms
2026-04-23 08:59:23.207 [warning] [pet] Restarting Python Environment Tools (attempt 2/3, waiting 2000ms)
2026-04-23 08:59:23.207 [info] Conda not found, turning off conda features. Error: Request 'configure' timed out after 30000ms
    at Timeout.<anonymous> (/home/user/.codeoss-cloudworkstations/extensions/ms-python.vscode-python-envs-1.20.1-universal/dist/extension.js:2:534062)
    at listOnTimeout (node:internal/timers:588:17)
    at processTimers (node:internal/timers:523:7)
2026-04-23 08:59:25.214 [info] [pet] Starting Python Locator /home/user/.codeoss-cloudworkstations/extensions/ms-python.python-2026.4.0-universal/python-env-tools/bin/pet server
2026-04-23 08:59:25.214 [info] [pet] Python Environment Tools restarted successfully
2026-04-23 08:59:25.215 [warning] No workspace folders found for relative search path: ./**/.venv
2026-04-23 08:59:25.216 [info] [pet] configure: Sending configuration update: {"workspaceDirectories":[],"environmentDirectories":[],"pipenvExecutable":"pipenv","poetryExecutable":"poetry","cacheDirectory":"/home/user/.codeoss-cloudworkstations/data/User/globalStorage/ms-python.vscode-python-envs/pythonLocator"}
2026-04-23 08:59:25.216 [error] [pet] Process error: A system error occurred (spawn /home/user/.codeoss-cloudworkstations/extensions/ms-python.python-2026.4.0-universal/python-env-tools/bin/pet ENOENT)
2026-04-23 08:59:55.216 [warning] [pet] Configure request timed out, killing hung process for restart
2026-04-23 08:59:55.216 [error] [pet] configure: Configuration error Request 'configure' timed out after 30000ms
2026-04-23 08:59:55.216 [warning] [pet] Request timed out, killing hung process for restart
2026-04-23 08:59:55.216 [error] [pet] Error refreshing Request 'configure' timed out after 30000ms
2026-04-23 08:59:55.217 [warning] [pet] Restarting Python Environment Tools (attempt 3/3, waiting 4000ms)
2026-04-23 08:59:55.217 [info] Pipenv not found, turning off pipenv features. If you have pipenv installed in a non-standard location, set the "python.pipenvPath" setting. Error: Request 'configure' timed out after 30000ms
    at Timeout.<anonymous> (/home/user/.codeoss-cloudworkstations/extensions/ms-python.vscode-python-envs-1.20.1-universal/dist/extension.js:2:534062)
    at listOnTimeout (node:internal/timers:588:17)
    at processTimers (node:internal/timers:523:7)
2026-04-23 08:59:59.225 [info] [pet] Starting Python Locator /home/user/.codeoss-cloudworkstations/extensions/ms-python.python-2026.4.0-universal/python-env-tools/bin/pet server
2026-04-23 08:59:59.225 [info] [pet] Python Environment Tools restarted successfully
2026-04-23 08:59:59.226 [warning] No workspace folders found for relative search path: ./**/.venv
2026-04-23 08:59:59.226 [info] [pet] configure: Sending configuration update: {"workspaceDirectories":[],"environmentDirectories":[],"pipenvExecutable":"pipenv","poetryExecutable":"poetry","cacheDirectory":"/home/user/.codeoss-cloudworkstations/data/User/globalStorage/ms-python.vscode-python-envs/pythonLocator"}
2026-04-23 08:59:59.227 [error] [pet] Process error: A system error occurred (spawn /home/user/.codeoss-cloudworkstations/extensions/ms-python.python-2026.4.0-universal/python-env-tools/bin/pet ENOENT)
2026-04-23 09:00:29.227 [warning] [pet] Configure request timed out, killing hung process for restart
2026-04-23 09:00:29.227 [error] [pet] configure: Configuration error Request 'configure' timed out after 30000ms
2026-04-23 09:00:29.227 [warning] [pet] Request timed out, killing hung process for restart
2026-04-23 09:00:29.227 [error] [pet] Error refreshing Request 'configure' timed out after 30000ms
2026-04-23 09:00:29.228 [info] Poetry not found, turning off poetry features. Error: Request 'configure' timed out after 30000ms
    at Timeout.<anonymous> (/home/user/.codeoss-cloudworkstations/extensions/ms-python.vscode-python-envs-1.20.1-universal/dist/extension.js:2:534062)
    at listOnTimeout (node:internal/timers:588:17)
    at processTimers (node:internal/timers:523:7)
2026-04-23 09:00:29.228 [info] Pyenv not found, turning off pyenv features. Error: Python Environment Tools (PET) failed after 3 restart attempts. Please reload the window or check the output channel for details. To debug, run "Python Environments: Run Python Environment Tool (PET) in Terminal" from the Command Palette.
    at S.ensureProcessRunning (/home/user/.codeoss-cloudworkstations/extensions/ms-python.vscode-python-envs-1.20.1-universal/dist/extension.js:2:535872)
    at S.doRefresh (/home/user/.codeoss-cloudworkstations/extensions/ms-python.vscode-python-envs-1.20.1-universal/dist/extension.js:2:540575)
    at c.workerFunc (/home/user/.codeoss-cloudworkstations/extensions/ms-python.vscode-python-envs-1.20.1-universal/dist/extension.js:2:535168)
    at o.workFunc (/home/user/.codeoss-cloudworkstations/extensions/ms-python.vscode-python-envs-1.20.1-universal/dist/extension.js:2:287619)
    at o.start (/home/user/.codeoss-cloudworkstations/extensions/ms-python.vscode-python-envs-1.20.1-universal/dist/extension.js:2:286434)
2026-04-23 09:00:29.231 [info] [interpreterSelection] Applying initial environment selection for 0 workspace folder(s)
2026-04-23 09:00:29.232 [error] [interpreterSelection] Failed to set global environment: Error: Python Environment Tools (PET) failed after 3 restart attempts. Please reload the window or check the output channel for details. To debug, run "Python Environments: Run Python Environment Tool (PET) in Terminal" from the Command Palette.
